2016-12-06 17:14:36 Error: [MissingConnectionException] Database connection "Mysql" is missing, or could not be created.
Exception Attributes: array (
  'class' => 'Mysql',
  'message' => 'SQLSTATE[28000] [1045] Access denied for user \'nodriza\'@\'localhost\' (using password: YES)',
  'enabled' => true,
)
Request URL: /login
Stack Trace:
#0 /var/www/html/newsletter2/Cake/2.7.7/lib/Cake/Model/Datasource/DboSource.php(260): Mysql->connect()
#1 /var/www/html/newsletter2/Cake/2.7.7/lib/Cake/Model/ConnectionManager.php(105): DboSource->__construct(Array)
#2 /var/www/html/newsletter2/Cake/2.7.7/lib/Cake/Model/Model.php(3626): ConnectionManager::getDataSource('default')
#3 /var/www/html/newsletter2/Cake/2.7.7/lib/Cake/Model/Model.php(1155): Model->setDataSource('default')
#4 /var/www/html/newsletter2/Cake/2.7.7/lib/Cake/Model/Model.php(3653): Model->setSource('administradores')
#5 /var/www/html/newsletter2/Cake/2.7.7/lib/Cake/Model/Model.php(3031): Model->getDataSource()
#6 /var/www/html/newsletter2/Cake/2.7.7/lib/Cake/Model/Model.php(3003): Model->_readDataSource('first', Array)
#7 /var/www/html/newsletter2/Controller/AppController.php(153): Model->find('first', Array)
#8 /var/www/html/newsletter2/Controller/AppController.php(134): AppController->obtenerAvatar()
#9 [internal function]: AppController->beforeRender(Object(CakeEvent))
#10 /var/www/html/newsletter2/Cake/2.7.7/lib/Cake/Event/CakeEventManager.php(243): call_user_func(Array, Object(CakeEvent))
#11 /var/www/html/newsletter2/Cake/2.7.7/lib/Cake/Controller/Controller.php(933): CakeEventManager->dispatch(Object(CakeEvent))
#12 /var/www/html/newsletter2/Cake/2.7.7/lib/Cake/Routing/Dispatcher.php(200): Controller->render()
#13 /var/www/html/newsletter2/Cake/2.7.7/lib/Cake/Routing/Dispatcher.php(167): Dispatcher->_invoke(Object(AdministradoresController), Object(CakeRequest))
#14 /var/www/html/newsletter2/webroot/index.php(86): Dispatcher->dispatch(Object(CakeRequest), Object(CakeResponse))
#15 {main}
2016-12-06 17:14:37 Error: [MissingControllerException] Controller class CssController could not be found.
Exception Attributes: array (
  'class' => 'CssController',
  'plugin' => NULL,
)
Request URL: /css/cake.generic.css
Stack Trace:
#0 /var/www/html/newsletter2/webroot/index.php(86): Dispatcher->dispatch(Object(CakeRequest), Object(CakeResponse))
#1 {main}
2016-12-06 17:14:37 Error: [MissingControllerException] Controller class ImgController could not be found.
Exception Attributes: array (
  'class' => 'ImgController',
  'plugin' => NULL,
)
Request URL: /img/cake.power.gif
Stack Trace:
#0 /var/www/html/newsletter2/webroot/index.php(86): Dispatcher->dispatch(Object(CakeRequest), Object(CakeResponse))
#1 {main}
2016-12-06 17:22:06 Error: [MissingControllerException] Controller class AdminController could not be found.
Exception Attributes: array (
  'class' => 'AdminController',
  'plugin' => NULL,
)
Request URL: /admin
Stack Trace:
#0 /var/www/html/newsletter2/webroot/index.php(86): Dispatcher->dispatch(Object(CakeRequest), Object(CakeResponse))
#1 {main}
2016-12-06 17:22:16 Error: [MissingControllerException] Controller class AdminController could not be found.
Exception Attributes: array (
  'class' => 'AdminController',
  'plugin' => NULL,
)
Request URL: /admin
Stack Trace:
#0 /var/www/html/newsletter2/webroot/index.php(86): Dispatcher->dispatch(Object(CakeRequest), Object(CakeResponse))
#1 {main}
2016-12-06 17:22:23 Error: [MissingControllerException] Controller class AdminController could not be found.
Exception Attributes: array (
  'class' => 'AdminController',
  'plugin' => NULL,
)
Request URL: /admin
Stack Trace:
#0 /var/www/html/newsletter2/webroot/index.php(86): Dispatcher->dispatch(Object(CakeRequest), Object(CakeResponse))
#1 {main}
2016-12-06 17:39:25 Error: [MissingControllerException] Controller class ImgController could not be found.
Exception Attributes: array (
  'class' => 'ImgController',
  'plugin' => NULL,
)
Request URL: /img/Producto/1/mini_1276fcaf7eb650a67425b81aa247dada69ade5aa_botones_toolmanianuevo_sitio11.jpg
Stack Trace:
#0 /var/www/html/newsletter2/webroot/index.php(86): Dispatcher->dispatch(Object(CakeRequest), Object(CakeResponse))
#1 {main}
2016-12-06 17:55:29 Warning: Warning (2): Missing argument 1 for Model::afterSave(), called in /var/www/html/newsletter2/Model/Toolmania.php on line 148 and defined in [/var/www/html/newsletter2/Cake/2.7.7/lib/Cake/Model/Model.php, line 3791]
Trace:
Model::afterSave() - APP/Cake/2.7.7/lib/Cake/Model/Model.php, line 3791
Toolmania::afterSave() - APP/Model/Toolmania.php, line 148
CakeEventManager::dispatch() - APP/Cake/2.7.7/lib/Cake/Event/CakeEventManager.php, line 241
Model::_doSave() - APP/Cake/2.7.7/lib/Cake/Model/Model.php, line 1961
Model::save() - APP/Cake/2.7.7/lib/Cake/Model/Model.php, line 1751
ToolmaniasController::admin_associate() - APP/Controller/ToolmaniasController.php, line 151
ReflectionMethod::invokeArgs() - [internal], line ??
Controller::invokeAction() - APP/Cake/2.7.7/lib/Cake/Controller/Controller.php, line 490
Dispatcher::_invoke() - APP/Cake/2.7.7/lib/Cake/Routing/Dispatcher.php, line 193
Dispatcher::dispatch() - APP/Cake/2.7.7/lib/Cake/Routing/Dispatcher.php, line 167
[main] - APP/webroot/index.php, line 86

2016-12-06 17:56:22 Error: [MissingControllerException] Controller class ImgController could not be found.
Exception Attributes: array (
  'class' => 'ImgController',
  'plugin' => NULL,
)
Request URL: /img/Producto/1/mini_1276fcaf7eb650a67425b81aa247dada69ade5aa_botones_toolmanianuevo_sitio11.jpg
Stack Trace:
#0 /var/www/html/newsletter2/webroot/index.php(86): Dispatcher->dispatch(Object(CakeRequest), Object(CakeResponse))
#1 {main}
2016-12-07 11:35:34 Error: [PDOException] SQLSTATE[42S22]: Column not found: 1054 Unknown column 'Categoria.activo' in 'where clause'
Request URL: /toolmanias/associate/19
Stack Trace:
#0 /var/www/html/newsletter2/Cake/2.7.7/lib/Cake/Model/Datasource/DboSource.php(461): PDOStatement->execute(Array)
#1 /var/www/html/newsletter2/Cake/2.7.7/lib/Cake/Model/Datasource/DboSource.php(427): DboSource->_execute('SELECT concat('...', Array)
#2 /var/www/html/newsletter2/Cake/2.7.7/lib/Cake/Model/Datasource/DboSource.php(669): DboSource->execute('SELECT concat('...', Array, Array)
#3 /var/www/html/newsletter2/Cake/2.7.7/lib/Cake/Model/Datasource/DboSource.php(1118): DboSource->fetchAll('SELECT concat('...', false)
#4 /var/www/html/newsletter2/Cake/2.7.7/lib/Cake/Model/Model.php(3031): DboSource->read(Object(Toolmania), Array)
#5 /var/www/html/newsletter2/Cake/2.7.7/lib/Cake/Model/Model.php(3003): Model->_readDataSource('first', Array)
#6 /var/www/html/newsletter2/Controller/ToolmaniasController.php(226): Model->find('first', Array)
#7 [internal function]: ToolmaniasController->admin_associate('19')
#8 /var/www/html/newsletter2/Cake/2.7.7/lib/Cake/Controller/Controller.php(490): ReflectionMethod->invokeArgs(Object(ToolmaniasController), Array)
#9 /var/www/html/newsletter2/Cake/2.7.7/lib/Cake/Routing/Dispatcher.php(193): Controller->invokeAction(Object(CakeRequest))
#10 /var/www/html/newsletter2/Cake/2.7.7/lib/Cake/Routing/Dispatcher.php(167): Dispatcher->_invoke(Object(ToolmaniasController), Object(CakeRequest))
#11 /var/www/html/newsletter2/webroot/index.php(86): Dispatcher->dispatch(Object(CakeRequest), Object(CakeResponse))
#12 {main}
2016-12-07 11:38:11 Warning: Warning (2): Missing argument 1 for Model::afterSave(), called in /var/www/html/newsletter2/Model/Toolmania.php on line 148 and defined in [/var/www/html/newsletter2/Cake/2.7.7/lib/Cake/Model/Model.php, line 3791]
Trace:
Model::afterSave() - APP/Cake/2.7.7/lib/Cake/Model/Model.php, line 3791
Toolmania::afterSave() - APP/Model/Toolmania.php, line 148
CakeEventManager::dispatch() - APP/Cake/2.7.7/lib/Cake/Event/CakeEventManager.php, line 241
Model::_doSave() - APP/Cake/2.7.7/lib/Cake/Model/Model.php, line 1961
Model::save() - APP/Cake/2.7.7/lib/Cake/Model/Model.php, line 1751
ToolmaniasController::admin_associate() - APP/Controller/ToolmaniasController.php, line 151
ReflectionMethod::invokeArgs() - [internal], line ??
Controller::invokeAction() - APP/Cake/2.7.7/lib/Cake/Controller/Controller.php, line 490
Dispatcher::_invoke() - APP/Cake/2.7.7/lib/Cake/Routing/Dispatcher.php, line 193
Dispatcher::dispatch() - APP/Cake/2.7.7/lib/Cake/Routing/Dispatcher.php, line 167
[main] - APP/webroot/index.php, line 86

2016-12-07 11:46:51 Error: Fatal Error (4): syntax error, unexpected '$this' (T_VARIABLE) in [/var/www/html/newsletter2/Controller/EmailsController.php, line 600]
2016-12-07 11:46:51 Error: [FatalErrorException] syntax error, unexpected '$this' (T_VARIABLE)
Request URL: /emails/generarHtml/24
Stack Trace:
#0 /var/www/html/newsletter2/Cake/2.7.7/lib/Cake/Error/ErrorHandler.php(213): ErrorHandler::handleFatalError(4, 'syntax error, u...', '/var/www/html/n...', 600)
#1 [internal function]: ErrorHandler::handleError(4, 'syntax error, u...', '/var/www/html/n...', 600, Array)
#2 /var/www/html/newsletter2/Cake/2.7.7/lib/Cake/Core/App.php(933): call_user_func('ErrorHandler::h...', 4, 'syntax error, u...', '/var/www/html/n...', 600, Array)
#3 /var/www/html/newsletter2/Cake/2.7.7/lib/Cake/Core/App.php(906): App::_checkFatalError()
#4 [internal function]: App::shutdown()
#5 {main}
2016-12-07 12:57:54 Error: [MissingControllerException] Controller class Favicon.icoController could not be found.
Exception Attributes: array (
  'class' => 'Favicon.icoController',
  'plugin' => NULL,
)
Request URL: /favicon.ico
Stack Trace:
#0 /var/www/html/newsletter2/webroot/index.php(86): Dispatcher->dispatch(Object(CakeRequest), Object(CakeResponse))
#1 {main}
2016-12-07 13:13:58 Warning: Warning (2): Missing argument 1 for Model::afterSave(), called in /var/www/html/newsletter2/Model/Toolmania.php on line 148 and defined in [/var/www/html/newsletter2/Cake/2.7.7/lib/Cake/Model/Model.php, line 3791]
Trace:
Model::afterSave() - APP/Cake/2.7.7/lib/Cake/Model/Model.php, line 3791
Toolmania::afterSave() - APP/Model/Toolmania.php, line 148
CakeEventManager::dispatch() - APP/Cake/2.7.7/lib/Cake/Event/CakeEventManager.php, line 241
Model::_doSave() - APP/Cake/2.7.7/lib/Cake/Model/Model.php, line 1961
Model::save() - APP/Cake/2.7.7/lib/Cake/Model/Model.php, line 1751
ToolmaniasController::admin_associate() - APP/Controller/ToolmaniasController.php, line 151
ReflectionMethod::invokeArgs() - [internal], line ??
Controller::invokeAction() - APP/Cake/2.7.7/lib/Cake/Controller/Controller.php, line 490
Dispatcher::_invoke() - APP/Cake/2.7.7/lib/Cake/Routing/Dispatcher.php, line 193
Dispatcher::dispatch() - APP/Cake/2.7.7/lib/Cake/Routing/Dispatcher.php, line 167
[main] - APP/webroot/index.php, line 86

2016-12-07 13:14:05 Error: [MissingControllerException] Controller class ImgController could not be found.
Exception Attributes: array (
  'class' => 'ImgController',
  'plugin' => NULL,
)
Request URL: //img/Email/27/
Stack Trace:
#0 /var/www/html/newsletter2/webroot/index.php(86): Dispatcher->dispatch(Object(CakeRequest), Object(CakeResponse))
#1 {main}
2016-12-07 13:14:53 Error: [MissingControllerException] Controller class ImgController could not be found.
Exception Attributes: array (
  'class' => 'ImgController',
  'plugin' => NULL,
)
Request URL: //img/Email/27/
Stack Trace:
#0 /var/www/html/newsletter2/webroot/index.php(86): Dispatcher->dispatch(Object(CakeRequest), Object(CakeResponse))
#1 {main}
2016-12-07 13:15:40 Warning: Warning (2): Missing argument 1 for Model::afterSave(), called in /var/www/html/newsletter2/Model/Toolmania.php on line 148 and defined in [/var/www/html/newsletter2/Cake/2.7.7/lib/Cake/Model/Model.php, line 3791]
Trace:
Model::afterSave() - APP/Cake/2.7.7/lib/Cake/Model/Model.php, line 3791
Toolmania::afterSave() - APP/Model/Toolmania.php, line 148
CakeEventManager::dispatch() - APP/Cake/2.7.7/lib/Cake/Event/CakeEventManager.php, line 241
Model::_doSave() - APP/Cake/2.7.7/lib/Cake/Model/Model.php, line 1961
Model::save() - APP/Cake/2.7.7/lib/Cake/Model/Model.php, line 1751
ToolmaniasController::admin_associate() - APP/Controller/ToolmaniasController.php, line 151
ReflectionMethod::invokeArgs() - [internal], line ??
Controller::invokeAction() - APP/Cake/2.7.7/lib/Cake/Controller/Controller.php, line 490
Dispatcher::_invoke() - APP/Cake/2.7.7/lib/Cake/Routing/Dispatcher.php, line 193
Dispatcher::dispatch() - APP/Cake/2.7.7/lib/Cake/Routing/Dispatcher.php, line 167
[main] - APP/webroot/index.php, line 86

2016-12-07 13:15:46 Error: [MissingControllerException] Controller class ImgController could not be found.
Exception Attributes: array (
  'class' => 'ImgController',
  'plugin' => NULL,
)
Request URL: //img/Email/27/
Stack Trace:
#0 /var/www/html/newsletter2/webroot/index.php(86): Dispatcher->dispatch(Object(CakeRequest), Object(CakeResponse))
#1 {main}
2016-12-07 13:16:23 Error: [MissingControllerException] Controller class ImgController could not be found.
Exception Attributes: array (
  'class' => 'ImgController',
  'plugin' => NULL,
)
Request URL: //img/Email/27/
Stack Trace:
#0 /var/www/html/newsletter2/webroot/index.php(86): Dispatcher->dispatch(Object(CakeRequest), Object(CakeResponse))
#1 {main}
2016-12-07 13:20:48 Error: [MissingControllerException] Controller class ImgController could not be found.
Exception Attributes: array (
  'class' => 'ImgController',
  'plugin' => NULL,
)
Request URL: //img/Email/27/
Stack Trace:
#0 /var/www/html/newsletter2/webroot/index.php(86): Dispatcher->dispatch(Object(CakeRequest), Object(CakeResponse))
#1 {main}
2016-12-07 13:21:10 Warning: Warning (2): mkdir(): Permission denied in [/var/www/html/newsletter2/Cake/2.7.7/lib/Cake/Utility/Folder.php, line 546]
Trace:
mkdir - [internal], line ??
Folder::create() - APP/Cake/2.7.7/lib/Cake/Utility/Folder.php, line 546
Folder::__construct() - APP/Cake/2.7.7/lib/Cake/Utility/Folder.php, line 119
ImageBehavior::__saveFile() - APP/Model/Behavior/ImageBehavior.php, line 416
ImageBehavior::afterSave() - APP/Model/Behavior/ImageBehavior.php, line 132
ObjectCollection::trigger() - APP/Cake/2.7.7/lib/Cake/Utility/ObjectCollection.php, line 128
call_user_func - [internal], line ??
CakeEventManager::dispatch() - APP/Cake/2.7.7/lib/Cake/Event/CakeEventManager.php, line 243
Model::_doSave() - APP/Cake/2.7.7/lib/Cake/Model/Model.php, line 1961
Model::save() - APP/Cake/2.7.7/lib/Cake/Model/Model.php, line 1751
EmailsController::admin_edit() - APP/Controller/EmailsController.php, line 116
ReflectionMethod::invokeArgs() - [internal], line ??
Controller::invokeAction() - APP/Cake/2.7.7/lib/Cake/Controller/Controller.php, line 490
Dispatcher::_invoke() - APP/Cake/2.7.7/lib/Cake/Routing/Dispatcher.php, line 193
Dispatcher::dispatch() - APP/Cake/2.7.7/lib/Cake/Routing/Dispatcher.php, line 167
[main] - APP/webroot/index.php, line 86

2016-12-07 13:21:10 Warning: Warning (2): copy(unnamed.jpg) [<a href='http://php.net/function.copy'>function.copy</a>]: failed to open stream: Permission denied in [/var/www/html/newsletter2/Model/Behavior/ImageBehavior.php, line 426]
Trace:
copy - [internal], line ??
ImageBehavior::__saveFile() - APP/Model/Behavior/ImageBehavior.php, line 426
ImageBehavior::afterSave() - APP/Model/Behavior/ImageBehavior.php, line 132
ObjectCollection::trigger() - APP/Cake/2.7.7/lib/Cake/Utility/ObjectCollection.php, line 128
call_user_func - [internal], line ??
CakeEventManager::dispatch() - APP/Cake/2.7.7/lib/Cake/Event/CakeEventManager.php, line 243
Model::_doSave() - APP/Cake/2.7.7/lib/Cake/Model/Model.php, line 1961
Model::save() - APP/Cake/2.7.7/lib/Cake/Model/Model.php, line 1751
EmailsController::admin_edit() - APP/Controller/EmailsController.php, line 116
ReflectionMethod::invokeArgs() - [internal], line ??
Controller::invokeAction() - APP/Cake/2.7.7/lib/Cake/Controller/Controller.php, line 490
Dispatcher::_invoke() - APP/Cake/2.7.7/lib/Cake/Routing/Dispatcher.php, line 193
Dispatcher::dispatch() - APP/Cake/2.7.7/lib/Cake/Routing/Dispatcher.php, line 167
[main] - APP/webroot/index.php, line 86

2016-12-07 13:21:10 Warning: Warning (2): getimagesize(/unnamed.jpg) [<a href='http://php.net/function.getimagesize'>function.getimagesize</a>]: failed to open stream: No such file or directory in [/var/www/html/newsletter2/Model/Behavior/ImageBehavior.php, line 459]
Trace:
getimagesize - [internal], line ??
ImageBehavior::__resize() - APP/Model/Behavior/ImageBehavior.php, line 459
ImageBehavior::__saveFile() - APP/Model/Behavior/ImageBehavior.php, line 433
ImageBehavior::afterSave() - APP/Model/Behavior/ImageBehavior.php, line 132
ObjectCollection::trigger() - APP/Cake/2.7.7/lib/Cake/Utility/ObjectCollection.php, line 128
call_user_func - [internal], line ??
CakeEventManager::dispatch() - APP/Cake/2.7.7/lib/Cake/Event/CakeEventManager.php, line 243
Model::_doSave() - APP/Cake/2.7.7/lib/Cake/Model/Model.php, line 1961
Model::save() - APP/Cake/2.7.7/lib/Cake/Model/Model.php, line 1751
EmailsController::admin_edit() - APP/Controller/EmailsController.php, line 116
ReflectionMethod::invokeArgs() - [internal], line ??
Controller::invokeAction() - APP/Cake/2.7.7/lib/Cake/Controller/Controller.php, line 490
Dispatcher::_invoke() - APP/Cake/2.7.7/lib/Cake/Routing/Dispatcher.php, line 193
Dispatcher::dispatch() - APP/Cake/2.7.7/lib/Cake/Routing/Dispatcher.php, line 167
[main] - APP/webroot/index.php, line 86

2016-12-07 13:21:10 Error: [MissingControllerException] Controller class ImgController could not be found.
Exception Attributes: array (
  'class' => 'ImgController',
  'plugin' => NULL,
)
Request URL: //img/Email/27/unnamed.jpg
Stack Trace:
#0 /var/www/html/newsletter2/webroot/index.php(86): Dispatcher->dispatch(Object(CakeRequest), Object(CakeResponse))
#1 {main}
2016-12-07 13:21:22 Error: [MissingControllerException] Controller class ImgController could not be found.
Exception Attributes: array (
  'class' => 'ImgController',
  'plugin' => NULL,
)
Request URL: //img/Email/27/unnamed.jpg
Stack Trace:
#0 /var/www/html/newsletter2/webroot/index.php(86): Dispatcher->dispatch(Object(CakeRequest), Object(CakeResponse))
#1 {main}
2016-12-07 13:21:42 Error: [MissingControllerException] Controller class ImgController could not be found.
Exception Attributes: array (
  'class' => 'ImgController',
  'plugin' => NULL,
)
Request URL: //img/Email/27/unnamed.jpg
Stack Trace:
#0 /var/www/html/newsletter2/webroot/index.php(86): Dispatcher->dispatch(Object(CakeRequest), Object(CakeResponse))
#1 {main}
2016-12-07 13:21:46 Error: [MissingControllerException] Controller class ImgController could not be found.
Exception Attributes: array (
  'class' => 'ImgController',
  'plugin' => NULL,
)
Request URL: //img/Email/27/unnamed.jpg
Stack Trace:
#0 /var/www/html/newsletter2/webroot/index.php(86): Dispatcher->dispatch(Object(CakeRequest), Object(CakeResponse))
#1 {main}
2016-12-07 13:21:49 Error: [MissingControllerException] Controller class ImgController could not be found.
Exception Attributes: array (
  'class' => 'ImgController',
  'plugin' => NULL,
)
Request URL: //img/Email/27/unnamed.jpg
Stack Trace:
#0 /var/www/html/newsletter2/webroot/index.php(86): Dispatcher->dispatch(Object(CakeRequest), Object(CakeResponse))
#1 {main}
2016-12-07 13:22:59 Warning: Warning (2): Missing argument 1 for Model::afterSave(), called in /var/www/html/newsletter2/Model/Toolmania.php on line 148 and defined in [/var/www/html/newsletter2/Cake/2.7.7/lib/Cake/Model/Model.php, line 3791]
Trace:
Model::afterSave() - APP/Cake/2.7.7/lib/Cake/Model/Model.php, line 3791
Toolmania::afterSave() - APP/Model/Toolmania.php, line 148
CakeEventManager::dispatch() - APP/Cake/2.7.7/lib/Cake/Event/CakeEventManager.php, line 241
Model::_doSave() - APP/Cake/2.7.7/lib/Cake/Model/Model.php, line 1961
Model::save() - APP/Cake/2.7.7/lib/Cake/Model/Model.php, line 1751
ToolmaniasController::admin_associate() - APP/Controller/ToolmaniasController.php, line 151
ReflectionMethod::invokeArgs() - [internal], line ??
Controller::invokeAction() - APP/Cake/2.7.7/lib/Cake/Controller/Controller.php, line 490
Dispatcher::_invoke() - APP/Cake/2.7.7/lib/Cake/Routing/Dispatcher.php, line 193
Dispatcher::dispatch() - APP/Cake/2.7.7/lib/Cake/Routing/Dispatcher.php, line 167
[main] - APP/webroot/index.php, line 86

2016-12-07 13:23:07 Warning: Warning (2): Missing argument 1 for Model::afterSave(), called in /var/www/html/newsletter2/Model/Toolmania.php on line 148 and defined in [/var/www/html/newsletter2/Cake/2.7.7/lib/Cake/Model/Model.php, line 3791]
Trace:
Model::afterSave() - APP/Cake/2.7.7/lib/Cake/Model/Model.php, line 3791
Toolmania::afterSave() - APP/Model/Toolmania.php, line 148
CakeEventManager::dispatch() - APP/Cake/2.7.7/lib/Cake/Event/CakeEventManager.php, line 241
Model::_doSave() - APP/Cake/2.7.7/lib/Cake/Model/Model.php, line 1961
Model::save() - APP/Cake/2.7.7/lib/Cake/Model/Model.php, line 1751
ToolmaniasController::admin_associate() - APP/Controller/ToolmaniasController.php, line 151
ReflectionMethod::invokeArgs() - [internal], line ??
Controller::invokeAction() - APP/Cake/2.7.7/lib/Cake/Controller/Controller.php, line 490
Dispatcher::_invoke() - APP/Cake/2.7.7/lib/Cake/Routing/Dispatcher.php, line 193
Dispatcher::dispatch() - APP/Cake/2.7.7/lib/Cake/Routing/Dispatcher.php, line 167
[main] - APP/webroot/index.php, line 86

2016-12-07 13:23:24 Warning: Warning (2): Missing argument 1 for Model::afterSave(), called in /var/www/html/newsletter2/Model/Toolmania.php on line 148 and defined in [/var/www/html/newsletter2/Cake/2.7.7/lib/Cake/Model/Model.php, line 3791]
Trace:
Model::afterSave() - APP/Cake/2.7.7/lib/Cake/Model/Model.php, line 3791
Toolmania::afterSave() - APP/Model/Toolmania.php, line 148
CakeEventManager::dispatch() - APP/Cake/2.7.7/lib/Cake/Event/CakeEventManager.php, line 241
Model::_doSave() - APP/Cake/2.7.7/lib/Cake/Model/Model.php, line 1961
Model::save() - APP/Cake/2.7.7/lib/Cake/Model/Model.php, line 1751
ToolmaniasController::admin_associate() - APP/Controller/ToolmaniasController.php, line 151
ReflectionMethod::invokeArgs() - [internal], line ??
Controller::invokeAction() - APP/Cake/2.7.7/lib/Cake/Controller/Controller.php, line 490
Dispatcher::_invoke() - APP/Cake/2.7.7/lib/Cake/Routing/Dispatcher.php, line 193
Dispatcher::dispatch() - APP/Cake/2.7.7/lib/Cake/Routing/Dispatcher.php, line 167
[main] - APP/webroot/index.php, line 86

2016-12-07 13:23:34 Warning: Warning (2): Missing argument 1 for Model::afterSave(), called in /var/www/html/newsletter2/Model/Toolmania.php on line 148 and defined in [/var/www/html/newsletter2/Cake/2.7.7/lib/Cake/Model/Model.php, line 3791]
Trace:
Model::afterSave() - APP/Cake/2.7.7/lib/Cake/Model/Model.php, line 3791
Toolmania::afterSave() - APP/Model/Toolmania.php, line 148
CakeEventManager::dispatch() - APP/Cake/2.7.7/lib/Cake/Event/CakeEventManager.php, line 241
Model::_doSave() - APP/Cake/2.7.7/lib/Cake/Model/Model.php, line 1961
Model::save() - APP/Cake/2.7.7/lib/Cake/Model/Model.php, line 1751
ToolmaniasController::admin_associate() - APP/Controller/ToolmaniasController.php, line 151
ReflectionMethod::invokeArgs() - [internal], line ??
Controller::invokeAction() - APP/Cake/2.7.7/lib/Cake/Controller/Controller.php, line 490
Dispatcher::_invoke() - APP/Cake/2.7.7/lib/Cake/Routing/Dispatcher.php, line 193
Dispatcher::dispatch() - APP/Cake/2.7.7/lib/Cake/Routing/Dispatcher.php, line 167
[main] - APP/webroot/index.php, line 86

2016-12-07 13:23:46 Warning: Warning (2): Missing argument 1 for Model::afterSave(), called in /var/www/html/newsletter2/Model/Toolmania.php on line 148 and defined in [/var/www/html/newsletter2/Cake/2.7.7/lib/Cake/Model/Model.php, line 3791]
Trace:
Model::afterSave() - APP/Cake/2.7.7/lib/Cake/Model/Model.php, line 3791
Toolmania::afterSave() - APP/Model/Toolmania.php, line 148
CakeEventManager::dispatch() - APP/Cake/2.7.7/lib/Cake/Event/CakeEventManager.php, line 241
Model::_doSave() - APP/Cake/2.7.7/lib/Cake/Model/Model.php, line 1961
Model::save() - APP/Cake/2.7.7/lib/Cake/Model/Model.php, line 1751
ToolmaniasController::admin_associate() - APP/Controller/ToolmaniasController.php, line 151
ReflectionMethod::invokeArgs() - [internal], line ??
Controller::invokeAction() - APP/Cake/2.7.7/lib/Cake/Controller/Controller.php, line 490
Dispatcher::_invoke() - APP/Cake/2.7.7/lib/Cake/Routing/Dispatcher.php, line 193
Dispatcher::dispatch() - APP/Cake/2.7.7/lib/Cake/Routing/Dispatcher.php, line 167
[main] - APP/webroot/index.php, line 86

2016-12-07 13:23:54 Warning: Warning (2): Missing argument 1 for Model::afterSave(), called in /var/www/html/newsletter2/Model/Toolmania.php on line 148 and defined in [/var/www/html/newsletter2/Cake/2.7.7/lib/Cake/Model/Model.php, line 3791]
Trace:
Model::afterSave() - APP/Cake/2.7.7/lib/Cake/Model/Model.php, line 3791
Toolmania::afterSave() - APP/Model/Toolmania.php, line 148
CakeEventManager::dispatch() - APP/Cake/2.7.7/lib/Cake/Event/CakeEventManager.php, line 241
Model::_doSave() - APP/Cake/2.7.7/lib/Cake/Model/Model.php, line 1961
Model::save() - APP/Cake/2.7.7/lib/Cake/Model/Model.php, line 1751
ToolmaniasController::admin_associate() - APP/Controller/ToolmaniasController.php, line 151
ReflectionMethod::invokeArgs() - [internal], line ??
Controller::invokeAction() - APP/Cake/2.7.7/lib/Cake/Controller/Controller.php, line 490
Dispatcher::_invoke() - APP/Cake/2.7.7/lib/Cake/Routing/Dispatcher.php, line 193
Dispatcher::dispatch() - APP/Cake/2.7.7/lib/Cake/Routing/Dispatcher.php, line 167
[main] - APP/webroot/index.php, line 86

2016-12-07 13:24:10 Error: [MissingControllerException] Controller class ImgController could not be found.
Exception Attributes: array (
  'class' => 'ImgController',
  'plugin' => NULL,
)
Request URL: //img/Email/27/unnamed.jpg
Stack Trace:
#0 /var/www/html/newsletter2/webroot/index.php(86): Dispatcher->dispatch(Object(CakeRequest), Object(CakeResponse))
#1 {main}
2016-12-07 13:32:43 Error: Fatal Error (4): syntax error, unexpected ';' in [/var/www/html/newsletter2/Controller/EmailsController.php, line 564]
2016-12-07 13:32:43 Error: [InternalErrorException] Internal Server Error
Request URL: /emails/generarHtml/27
Stack Trace:
#0 /var/www/html/newsletter2/Cake/2.7.7/lib/Cake/Error/ErrorHandler.php(213): ErrorHandler::handleFatalError(4, 'syntax error, u...', '/var/www/html/n...', 564)
#1 [internal function]: ErrorHandler::handleError(4, 'syntax error, u...', '/var/www/html/n...', 564, Array)
#2 /var/www/html/newsletter2/Cake/2.7.7/lib/Cake/Core/App.php(933): call_user_func('ErrorHandler::h...', 4, 'syntax error, u...', '/var/www/html/n...', 564, Array)
#3 /var/www/html/newsletter2/Cake/2.7.7/lib/Cake/Core/App.php(906): App::_checkFatalError()
#4 [internal function]: App::shutdown()
#5 {main}
2016-12-07 13:32:57 Error: Fatal Error (4): syntax error, unexpected ';' in [/var/www/html/newsletter2/Controller/EmailsController.php, line 564]
2016-12-07 13:32:57 Error: [FatalErrorException] syntax error, unexpected ';'
Request URL: /emails/generarHtml/27
Stack Trace:
#0 /var/www/html/newsletter2/Cake/2.7.7/lib/Cake/Error/ErrorHandler.php(213): ErrorHandler::handleFatalError(4, 'syntax error, u...', '/var/www/html/n...', 564)
#1 [internal function]: ErrorHandler::handleError(4, 'syntax error, u...', '/var/www/html/n...', 564, Array)
#2 /var/www/html/newsletter2/Cake/2.7.7/lib/Cake/Core/App.php(933): call_user_func('ErrorHandler::h...', 4, 'syntax error, u...', '/var/www/html/n...', 564, Array)
#3 /var/www/html/newsletter2/Cake/2.7.7/lib/Cake/Core/App.php(906): App::_checkFatalError()
#4 [internal function]: App::shutdown()
#5 {main}
2016-12-07 13:33:23 Error: [MissingControllerException] Controller class ImgController could not be found.
Exception Attributes: array (
  'class' => 'ImgController',
  'plugin' => NULL,
)
Request URL: //img/Email/27/unnamed.jpg
Stack Trace:
#0 /var/www/html/newsletter2/webroot/index.php(86): Dispatcher->dispatch(Object(CakeRequest), Object(CakeResponse))
#1 {main}
2016-12-07 13:33:57 Error: [MissingControllerException] Controller class ImgController could not be found.
Exception Attributes: array (
  'class' => 'ImgController',
  'plugin' => NULL,
)
Request URL: //img/Email/27/unnamed.jpg
Stack Trace:
#0 /var/www/html/newsletter2/webroot/index.php(86): Dispatcher->dispatch(Object(CakeRequest), Object(CakeResponse))
#1 {main}
2016-12-07 13:35:22 Error: [MissingControllerException] Controller class ImgController could not be found.
Exception Attributes: array (
  'class' => 'ImgController',
  'plugin' => NULL,
)
Request URL: //img/Email/27/unnamed.jpg
Stack Trace:
#0 /var/www/html/newsletter2/webroot/index.php(86): Dispatcher->dispatch(Object(CakeRequest), Object(CakeResponse))
#1 {main}
2016-12-07 13:36:02 Error: [MissingControllerException] Controller class ImgController could not be found.
Exception Attributes: array (
  'class' => 'ImgController',
  'plugin' => NULL,
)
Request URL: //img/Email/27/unnamed.jpg
Stack Trace:
#0 /var/www/html/newsletter2/webroot/index.php(86): Dispatcher->dispatch(Object(CakeRequest), Object(CakeResponse))
#1 {main}
2016-12-07 13:36:39 Error: [MissingControllerException] Controller class ImgController could not be found.
Exception Attributes: array (
  'class' => 'ImgController',
  'plugin' => NULL,
)
Request URL: //img/Email/27/unnamed.jpg
Stack Trace:
#0 /var/www/html/newsletter2/webroot/index.php(86): Dispatcher->dispatch(Object(CakeRequest), Object(CakeResponse))
#1 {main}
2016-12-07 13:38:21 Error: [MissingControllerException] Controller class ImgController could not be found.
Exception Attributes: array (
  'class' => 'ImgController',
  'plugin' => NULL,
)
Request URL: //img/Email/27/unnamed.jpg
Stack Trace:
#0 /var/www/html/newsletter2/webroot/index.php(86): Dispatcher->dispatch(Object(CakeRequest), Object(CakeResponse))
#1 {main}
2016-12-07 13:38:56 Error: [MissingControllerException] Controller class ImgController could not be found.
Exception Attributes: array (
  'class' => 'ImgController',
  'plugin' => NULL,
)
Request URL: //img/Email/27/unnamed.jpg
Stack Trace:
#0 /var/www/html/newsletter2/webroot/index.php(86): Dispatcher->dispatch(Object(CakeRequest), Object(CakeResponse))
#1 {main}
2016-12-07 13:39:15 Error: [MissingControllerException] Controller class ImgController could not be found.
Exception Attributes: array (
  'class' => 'ImgController',
  'plugin' => NULL,
)
Request URL: //img/Email/27/unnamed.jpg
Stack Trace:
#0 /var/www/html/newsletter2/webroot/index.php(86): Dispatcher->dispatch(Object(CakeRequest), Object(CakeResponse))
#1 {main}
2016-12-07 13:39:59 Error: [MissingControllerException] Controller class ImgController could not be found.
Exception Attributes: array (
  'class' => 'ImgController',
  'plugin' => NULL,
)
Request URL: //img/Email/27/unnamed.jpg
Stack Trace:
#0 /var/www/html/newsletter2/webroot/index.php(86): Dispatcher->dispatch(Object(CakeRequest), Object(CakeResponse))
#1 {main}
2016-12-07 13:40:51 Error: [MissingControllerException] Controller class ImgController could not be found.
Exception Attributes: array (
  'class' => 'ImgController',
  'plugin' => NULL,
)
Request URL: //img/Email/27/unnamed.jpg
Stack Trace:
#0 /var/www/html/newsletter2/webroot/index.php(86): Dispatcher->dispatch(Object(CakeRequest), Object(CakeResponse))
#1 {main}
2016-12-07 13:40:52 Error: [MissingControllerException] Controller class ImgController could not be found.
Exception Attributes: array (
  'class' => 'ImgController',
  'plugin' => NULL,
)
Request URL: //img/Email/27/unnamed.jpg
Stack Trace:
#0 /var/www/html/newsletter2/webroot/index.php(86): Dispatcher->dispatch(Object(CakeRequest), Object(CakeResponse))
#1 {main}
2016-12-07 13:42:02 Warning: Warning (2): Missing argument 1 for Model::afterSave(), called in /var/www/html/newsletter2/Model/Toolmania.php on line 148 and defined in [/var/www/html/newsletter2/Cake/2.7.7/lib/Cake/Model/Model.php, line 3791]
Trace:
Model::afterSave() - APP/Cake/2.7.7/lib/Cake/Model/Model.php, line 3791
Toolmania::afterSave() - APP/Model/Toolmania.php, line 148
CakeEventManager::dispatch() - APP/Cake/2.7.7/lib/Cake/Event/CakeEventManager.php, line 241
Model::_doSave() - APP/Cake/2.7.7/lib/Cake/Model/Model.php, line 1961
Model::save() - APP/Cake/2.7.7/lib/Cake/Model/Model.php, line 1751
ToolmaniasController::admin_associate() - APP/Controller/ToolmaniasController.php, line 151
ReflectionMethod::invokeArgs() - [internal], line ??
Controller::invokeAction() - APP/Cake/2.7.7/lib/Cake/Controller/Controller.php, line 490
Dispatcher::_invoke() - APP/Cake/2.7.7/lib/Cake/Routing/Dispatcher.php, line 193
Dispatcher::dispatch() - APP/Cake/2.7.7/lib/Cake/Routing/Dispatcher.php, line 167
[main] - APP/webroot/index.php, line 86

2016-12-07 14:07:21 Error: [MissingControllerException] Controller class ImgController could not be found.
Exception Attributes: array (
  'class' => 'ImgController',
  'plugin' => NULL,
)
Request URL: //img/Email/27/unnamed.jpg
Stack Trace:
#0 /var/www/html/newsletter2/webroot/index.php(86): Dispatcher->dispatch(Object(CakeRequest), Object(CakeResponse))
#1 {main}
2016-12-07 15:34:00 Error: [MissingControllerException] Controller class ImgController could not be found.
Exception Attributes: array (
  'class' => 'ImgController',
  'plugin' => NULL,
)
Request URL: //img/Email/28/
Stack Trace:
#0 /var/www/html/newsletter2/webroot/index.php(86): Dispatcher->dispatch(Object(CakeRequest), Object(CakeResponse))
#1 {main}
2016-12-07 15:34:19 Error: [MissingControllerException] Controller class ImgController could not be found.
Exception Attributes: array (
  'class' => 'ImgController',
  'plugin' => NULL,
)
Request URL: //img/Email/29/
Stack Trace:
#0 /var/www/html/newsletter2/webroot/index.php(86): Dispatcher->dispatch(Object(CakeRequest), Object(CakeResponse))
#1 {main}
2016-12-07 15:34:20 Error: [MissingControllerException] Controller class ImgController could not be found.
Exception Attributes: array (
  'class' => 'ImgController',
  'plugin' => NULL,
)
Request URL: //img/Email/29/
Stack Trace:
#0 /var/www/html/newsletter2/webroot/index.php(86): Dispatcher->dispatch(Object(CakeRequest), Object(CakeResponse))
#1 {main}
2016-12-07 15:34:34 Error: [MissingControllerException] Controller class ImgController could not be found.
Exception Attributes: array (
  'class' => 'ImgController',
  'plugin' => NULL,
)
Request URL: //img/Email/30/
Stack Trace:
#0 /var/www/html/newsletter2/webroot/index.php(86): Dispatcher->dispatch(Object(CakeRequest), Object(CakeResponse))
#1 {main}
2016-12-07 15:34:34 Error: [MissingControllerException] Controller class ImgController could not be found.
Exception Attributes: array (
  'class' => 'ImgController',
  'plugin' => NULL,
)
Request URL: //img/Email/30/
Stack Trace:
#0 /var/www/html/newsletter2/webroot/index.php(86): Dispatcher->dispatch(Object(CakeRequest), Object(CakeResponse))
#1 {main}
2016-12-07 16:08:07 Error: [MissingConnectionException] Database connection "Mysql" is missing, or could not be created.
Exception Attributes: array (
  'class' => 'Mysql',
  'message' => 'SQLSTATE[HY000] [1045] Access denied for user \'\'@\'localhost\' (using password: NO)',
  'enabled' => true,
)
Request URL: /newsletter/login
Stack Trace:
#0 C:\wamp64\www\newsletter\Cake\2.7.7\lib\Cake\Model\Datasource\DboSource.php(260): Mysql->connect()
#1 C:\wamp64\www\newsletter\Cake\2.7.7\lib\Cake\Model\ConnectionManager.php(105): DboSource->__construct(Array)
#2 C:\wamp64\www\newsletter\Cake\2.7.7\lib\Cake\Model\Model.php(3626): ConnectionManager::getDataSource('default')
#3 C:\wamp64\www\newsletter\Cake\2.7.7\lib\Cake\Model\Model.php(1155): Model->setDataSource('default')
#4 C:\wamp64\www\newsletter\Cake\2.7.7\lib\Cake\Model\Model.php(3653): Model->setSource('administradores')
#5 C:\wamp64\www\newsletter\Cake\2.7.7\lib\Cake\Model\Model.php(3031): Model->getDataSource()
#6 C:\wamp64\www\newsletter\Cake\2.7.7\lib\Cake\Model\Model.php(3003): Model->_readDataSource('first', Array)
#7 C:\wamp64\www\newsletter\Controller\AppController.php(153): Model->find('first', Array)
#8 C:\wamp64\www\newsletter\Controller\AppController.php(134): AppController->obtenerAvatar()
#9 [internal function]: AppController->beforeRender(Object(CakeEvent))
#10 C:\wamp64\www\newsletter\Cake\2.7.7\lib\Cake\Event\CakeEventManager.php(243): call_user_func(Array, Object(CakeEvent))
#11 C:\wamp64\www\newsletter\Cake\2.7.7\lib\Cake\Controller\Controller.php(933): CakeEventManager->dispatch(Object(CakeEvent))
#12 C:\wamp64\www\newsletter\Cake\2.7.7\lib\Cake\Routing\Dispatcher.php(200): Controller->render()
#13 C:\wamp64\www\newsletter\Cake\2.7.7\lib\Cake\Routing\Dispatcher.php(167): Dispatcher->_invoke(Object(AdministradoresController), Object(CakeRequest))
#14 C:\wamp64\www\newsletter\webroot\index.php(86): Dispatcher->dispatch(Object(CakeRequest), Object(CakeResponse))
#15 {main}
2016-12-07 16:08:07 Error: [MissingControllerException] Controller class CssController could not be found.
Exception Attributes: array (
  'class' => 'CssController',
  'plugin' => NULL,
)
Request URL: /newsletter/css/cake.generic.css
Stack Trace:
#0 C:\wamp64\www\newsletter\webroot\index.php(86): Dispatcher->dispatch(Object(CakeRequest), Object(CakeResponse))
#1 {main}
2016-12-07 16:08:07 Error: [MissingControllerException] Controller class ImgController could not be found.
Exception Attributes: array (
  'class' => 'ImgController',
  'plugin' => NULL,
)
Request URL: /newsletter/img/cake.power.gif
Stack Trace:
#0 C:\wamp64\www\newsletter\webroot\index.php(86): Dispatcher->dispatch(Object(CakeRequest), Object(CakeResponse))
#1 {main}
2016-12-07 16:08:18 Error: [MissingConnectionException] Database connection "Mysql" is missing, or could not be created.
Exception Attributes: array (
  'class' => 'Mysql',
  'message' => 'SQLSTATE[HY000] [1045] Access denied for user \'\'@\'localhost\' (using password: NO)',
  'enabled' => true,
)
Request URL: /newsletter/login
Stack Trace:
#0 C:\wamp64\www\newsletter\Cake\2.7.7\lib\Cake\Model\Datasource\DboSource.php(260): Mysql->connect()
#1 C:\wamp64\www\newsletter\Cake\2.7.7\lib\Cake\Model\ConnectionManager.php(105): DboSource->__construct(Array)
#2 C:\wamp64\www\newsletter\Cake\2.7.7\lib\Cake\Model\Model.php(3626): ConnectionManager::getDataSource('default')
#3 C:\wamp64\www\newsletter\Cake\2.7.7\lib\Cake\Model\Model.php(1155): Model->setDataSource('default')
#4 C:\wamp64\www\newsletter\Cake\2.7.7\lib\Cake\Model\Model.php(3653): Model->setSource('administradores')
#5 C:\wamp64\www\newsletter\Cake\2.7.7\lib\Cake\Model\Model.php(3031): Model->getDataSource()
#6 C:\wamp64\www\newsletter\Cake\2.7.7\lib\Cake\Model\Model.php(3003): Model->_readDataSource('first', Array)
#7 C:\wamp64\www\newsletter\Controller\AppController.php(153): Model->find('first', Array)
#8 C:\wamp64\www\newsletter\Controller\AppController.php(134): AppController->obtenerAvatar()
#9 [internal function]: AppController->beforeRender(Object(CakeEvent))
#10 C:\wamp64\www\newsletter\Cake\2.7.7\lib\Cake\Event\CakeEventManager.php(243): call_user_func(Array, Object(CakeEvent))
#11 C:\wamp64\www\newsletter\Cake\2.7.7\lib\Cake\Controller\Controller.php(933): CakeEventManager->dispatch(Object(CakeEvent))
#12 C:\wamp64\www\newsletter\Cake\2.7.7\lib\Cake\Routing\Dispatcher.php(200): Controller->render()
#13 C:\wamp64\www\newsletter\Cake\2.7.7\lib\Cake\Routing\Dispatcher.php(167): Dispatcher->_invoke(Object(AdministradoresController), Object(CakeRequest))
#14 C:\wamp64\www\newsletter\webroot\index.php(86): Dispatcher->dispatch(Object(CakeRequest), Object(CakeResponse))
#15 {main}
2016-12-07 16:08:18 Error: [MissingControllerException] Controller class CssController could not be found.
Exception Attributes: array (
  'class' => 'CssController',
  'plugin' => NULL,
)
Request URL: /newsletter/css/cake.generic.css
Stack Trace:
#0 C:\wamp64\www\newsletter\webroot\index.php(86): Dispatcher->dispatch(Object(CakeRequest), Object(CakeResponse))
#1 {main}
2016-12-07 16:08:18 Error: [MissingControllerException] Controller class ImgController could not be found.
Exception Attributes: array (
  'class' => 'ImgController',
  'plugin' => NULL,
)
Request URL: /newsletter/img/cake.power.gif
Stack Trace:
#0 C:\wamp64\www\newsletter\webroot\index.php(86): Dispatcher->dispatch(Object(CakeRequest), Object(CakeResponse))
#1 {main}
2016-12-07 16:55:28 Error: [MissingControllerException] Controller class DebugKitController could not be found.
Exception Attributes: array (
  'class' => 'DebugKitController',
  'plugin' => NULL,
)
Request URL: /debug_kit/toolbar_access/sql_explain
Stack Trace:
#0 /var/www/html/newsletter/webroot/index.php(86): Dispatcher->dispatch(Object(CakeRequest), Object(CakeResponse))
#1 {main}
2016-12-07 17:29:58 Error: [PDOException] SQLSTATE[42000]: Syntax error or access violation: 1064 You have an error in your SQL syntax; check the manual that corresponds to your MySQL server version for the right syntax to use near '.url_image, `Toolmania`.`id_product`, `pl`.`name`, `Toolmania`.`price`, `pl`.`li' at line 1
Request URL: /toolmanias
Stack Trace:
#0 /var/www/html/newsletter/Cake/2.7.7/lib/Cake/Model/Datasource/DboSource.php(461): PDOStatement->execute(Array)
#1 /var/www/html/newsletter/Cake/2.7.7/lib/Cake/Model/Datasource/DboSource.php(427): DboSource->_execute('SELECT concat('...', Array)
#2 /var/www/html/newsletter/Cake/2.7.7/lib/Cake/Model/Datasource/DboSource.php(669): DboSource->execute('SELECT concat('...', Array, Array)
#3 /var/www/html/newsletter/Cake/2.7.7/lib/Cake/Model/Datasource/DboSource.php(1118): DboSource->fetchAll('SELECT concat('...', false)
#4 /var/www/html/newsletter/Cake/2.7.7/lib/Cake/Model/Model.php(3031): DboSource->read(Object(Toolmania), Array)
#5 /var/www/html/newsletter/Cake/2.7.7/lib/Cake/Model/Model.php(3003): Model->_readDataSource('all', Array)
#6 /var/www/html/newsletter/Cake/2.7.7/lib/Cake/Controller/Component/PaginatorComponent.php(196): Model->find('all', Array)
#7 /var/www/html/newsletter/Cake/2.7.7/lib/Cake/Controller/Controller.php(1086): PaginatorComponent->paginate(NULL, Array, Array)
#8 /var/www/html/newsletter/Controller/ToolmaniasController.php(127): Controller->paginate()
#9 [internal function]: ToolmaniasController->admin_index()
#10 /var/www/html/newsletter/Cake/2.7.7/lib/Cake/Controller/Controller.php(490): ReflectionMethod->invokeArgs(Object(ToolmaniasController), Array)
#11 /var/www/html/newsletter/Cake/2.7.7/lib/Cake/Routing/Dispatcher.php(193): Controller->invokeAction(Object(CakeRequest))
#12 /var/www/html/newsletter/Cake/2.7.7/lib/Cake/Routing/Dispatcher.php(167): Dispatcher->_invoke(Object(ToolmaniasController), Object(CakeRequest))
#13 /var/www/html/newsletter/webroot/index.php(86): Dispatcher->dispatch(Object(CakeRequest), Object(CakeResponse))
#14 {main}
2016-12-07 17:37:24 Error: [PDOException] SQLSTATE[42000]: Syntax error or access violation: 1064 You have an error in your SQL syntax; check the manual that corresponds to your MySQL server version for the right syntax to use near '*  GROUP BY `Toolmania`.`id_product`' at line 1
Request URL: /categorias/edit/14
Stack Trace:
#0 /var/www/html/newsletter/Cake/2.7.7/lib/Cake/Model/Datasource/DboSource.php(461): PDOStatement->execute(Array)
#1 /var/www/html/newsletter/Cake/2.7.7/lib/Cake/Model/Datasource/DboSource.php(427): DboSource->_execute('SELECT `Toolman...', Array)
#2 /var/www/html/newsletter/Cake/2.7.7/lib/Cake/Model/Datasource/DboSource.php(669): DboSource->execute('SELECT `Toolman...', Array, Array)
#3 /var/www/html/newsletter/Cake/2.7.7/lib/Cake/Model/Datasource/DboSource.php(1118): DboSource->fetchAll('SELECT `Toolman...', false)
#4 /var/www/html/newsletter/Cake/2.7.7/lib/Cake/Model/Model.php(3031): DboSource->read(Object(Toolmania), Array)
#5 /var/www/html/newsletter/Cake/2.7.7/lib/Cake/Model/Model.php(3003): Model->_readDataSource('list', Array)
#6 /var/www/html/newsletter/Controller/CategoriasController.php(183): Model->find('list', Array)
#7 [internal function]: CategoriasController->admin_edit('14')
#8 /var/www/html/newsletter/Cake/2.7.7/lib/Cake/Controller/Controller.php(490): ReflectionMethod->invokeArgs(Object(CategoriasController), Array)
#9 /var/www/html/newsletter/Cake/2.7.7/lib/Cake/Routing/Dispatcher.php(193): Controller->invokeAction(Object(CakeRequest))
#10 /var/www/html/newsletter/Cake/2.7.7/lib/Cake/Routing/Dispatcher.php(167): Dispatcher->_invoke(Object(CategoriasController), Object(CakeRequest))
#11 /var/www/html/newsletter/webroot/index.php(86): Dispatcher->dispatch(Object(CakeRequest), Object(CakeResponse))
#12 {main}
2016-12-07 17:37:53 Error: [PDOException] SQLSTATE[42000]: Syntax error or access violation: 1064 You have an error in your SQL syntax; check the manual that corresponds to your MySQL server version for the right syntax to use near '*' at line 1
Request URL: /categorias/edit/14
Stack Trace:
#0 /var/www/html/newsletter/Cake/2.7.7/lib/Cake/Model/Datasource/DboSource.php(461): PDOStatement->execute(Array)
#1 /var/www/html/newsletter/Cake/2.7.7/lib/Cake/Model/Datasource/DboSource.php(427): DboSource->_execute('SELECT `Toolman...', Array)
#2 /var/www/html/newsletter/Cake/2.7.7/lib/Cake/Model/Datasource/DboSource.php(669): DboSource->execute('SELECT `Toolman...', Array, Array)
#3 /var/www/html/newsletter/Cake/2.7.7/lib/Cake/Model/Datasource/DboSource.php(1118): DboSource->fetchAll('SELECT `Toolman...', false)
#4 /var/www/html/newsletter/Cake/2.7.7/lib/Cake/Model/Model.php(3031): DboSource->read(Object(Toolmania), Array)
#5 /var/www/html/newsletter/Cake/2.7.7/lib/Cake/Model/Model.php(3003): Model->_readDataSource('list', Array)
#6 /var/www/html/newsletter/Controller/CategoriasController.php(180): Model->find('list', Array)
#7 [internal function]: CategoriasController->admin_edit('14')
#8 /var/www/html/newsletter/Cake/2.7.7/lib/Cake/Controller/Controller.php(490): ReflectionMethod->invokeArgs(Object(CategoriasController), Array)
#9 /var/www/html/newsletter/Cake/2.7.7/lib/Cake/Routing/Dispatcher.php(193): Controller->invokeAction(Object(CakeRequest))
#10 /var/www/html/newsletter/Cake/2.7.7/lib/Cake/Routing/Dispatcher.php(167): Dispatcher->_invoke(Object(CategoriasController), Object(CakeRequest))
#11 /var/www/html/newsletter/webroot/index.php(86): Dispatcher->dispatch(Object(CakeRequest), Object(CakeResponse))
#12 {main}
2016-12-12 10:02:53 Error: [MissingActionException] Action ToolmaniasController::admin_exportar() could not be found.
Exception Attributes: array (
  'controller' => 'ToolmaniasController',
  'action' => 'admin_exportar',
)
Request URL: /toolmanias/exportar
Stack Trace:
#0 /var/www/html/newsletter/Cake/2.7.7/lib/Cake/Routing/Dispatcher.php(193): Controller->invokeAction(Object(CakeRequest))
#1 /var/www/html/newsletter/Cake/2.7.7/lib/Cake/Routing/Dispatcher.php(167): Dispatcher->_invoke(Object(ToolmaniasController), Object(CakeRequest))
#2 /var/www/html/newsletter/webroot/index.php(86): Dispatcher->dispatch(Object(CakeRequest), Object(CakeResponse))
#3 {main}
2016-12-12 10:04:30 Error: [MissingControllerException] Controller class ImgController could not be found.
Exception Attributes: array (
  'class' => 'ImgController',
  'plugin' => NULL,
)
Request URL: /img/Producto/1/mini_1276fcaf7eb650a67425b81aa247dada69ade5aa_botones_toolmanianuevo_sitio11.jpg
Stack Trace:
#0 /var/www/html/newsletter/webroot/index.php(86): Dispatcher->dispatch(Object(CakeRequest), Object(CakeResponse))
#1 {main}
2016-12-12 10:14:33 Warning: Warning (2): include_once(C:\wamp64\www\newsletter\Config\database.php): failed to open stream: No such file or directory in [C:\wamp64\www\newsletter\Cake\2.7.7\lib\Cake\Model\ConnectionManager.php, line 67]
Trace:
ConnectionManager::_init() - APP\Cake\2.7.7\lib\Cake\Model\ConnectionManager.php, line 67
ConnectionManager::_init() - APP\Cake\2.7.7\lib\Cake\Model\ConnectionManager.php, line 67
ConnectionManager::getDataSource() - APP\Cake\2.7.7\lib\Cake\Model\ConnectionManager.php, line 83
Model::setDataSource() - APP\Cake\2.7.7\lib\Cake\Model\Model.php, line 3626
Model::setSource() - APP\Cake\2.7.7\lib\Cake\Model\Model.php, line 1155
Model::getDataSource() - APP\Cake\2.7.7\lib\Cake\Model\Model.php, line 3653
Model::_readDataSource() - APP\Cake\2.7.7\lib\Cake\Model\Model.php, line 3031
Model::find() - APP\Cake\2.7.7\lib\Cake\Model\Model.php, line 3003
AppController::obtenerAvatar() - APP\Controller\AppController.php, line 153
AppController::beforeRender() - APP\Controller\AppController.php, line 134
call_user_func - [internal], line ??
CakeEventManager::dispatch() - APP\Cake\2.7.7\lib\Cake\Event\CakeEventManager.php, line 243
Controller::render() - APP\Cake\2.7.7\lib\Cake\Controller\Controller.php, line 933
Dispatcher::_invoke() - APP\Cake\2.7.7\lib\Cake\Routing\Dispatcher.php, line 200
Dispatcher::dispatch() - APP\Cake\2.7.7\lib\Cake\Routing\Dispatcher.php, line 167
[main] - APP\webroot\index.php, line 86

2016-12-12 10:14:33 Warning: Warning (2): include_once() [<a href='http://php.net/function.include'>function.include</a>]: Failed opening 'C:\wamp64\www\newsletter\Config\database.php' for inclusion (include_path='.;C:\php\pear') in [C:\wamp64\www\newsletter\Cake\2.7.7\lib\Cake\Model\ConnectionManager.php, line 67]
Trace:
ConnectionManager::_init() - APP\Cake\2.7.7\lib\Cake\Model\ConnectionManager.php, line 67
ConnectionManager::_init() - APP\Cake\2.7.7\lib\Cake\Model\ConnectionManager.php, line 67
ConnectionManager::getDataSource() - APP\Cake\2.7.7\lib\Cake\Model\ConnectionManager.php, line 83
Model::setDataSource() - APP\Cake\2.7.7\lib\Cake\Model\Model.php, line 3626
Model::setSource() - APP\Cake\2.7.7\lib\Cake\Model\Model.php, line 1155
Model::getDataSource() - APP\Cake\2.7.7\lib\Cake\Model\Model.php, line 3653
Model::_readDataSource() - APP\Cake\2.7.7\lib\Cake\Model\Model.php, line 3031
Model::find() - APP\Cake\2.7.7\lib\Cake\Model\Model.php, line 3003
AppController::obtenerAvatar() - APP\Controller\AppController.php, line 153
AppController::beforeRender() - APP\Controller\AppController.php, line 134
call_user_func - [internal], line ??
CakeEventManager::dispatch() - APP\Cake\2.7.7\lib\Cake\Event\CakeEventManager.php, line 243
Controller::render() - APP\Cake\2.7.7\lib\Cake\Controller\Controller.php, line 933
Dispatcher::_invoke() - APP\Cake\2.7.7\lib\Cake\Routing\Dispatcher.php, line 200
Dispatcher::dispatch() - APP\Cake\2.7.7\lib\Cake\Routing\Dispatcher.php, line 167
[main] - APP\webroot\index.php, line 86

2016-12-12 10:14:33 Error: [MissingDatasourceConfigException] The datasource configuration "default" was not found in database.php
Exception Attributes: array (
  'config' => 'default',
)
Request URL: /newsletter/login
Stack Trace:
#0 C:\wamp64\www\newsletter\Cake\2.7.7\lib\Cake\Model\ConnectionManager.php(91): ConnectionManager::_getConnectionObject('default')
#1 C:\wamp64\www\newsletter\Cake\2.7.7\lib\Cake\Model\Model.php(3626): ConnectionManager::getDataSource('default')
#2 C:\wamp64\www\newsletter\Cake\2.7.7\lib\Cake\Model\Model.php(1155): Model->setDataSource('default')
#3 C:\wamp64\www\newsletter\Cake\2.7.7\lib\Cake\Model\Model.php(3653): Model->setSource('administradores')
#4 C:\wamp64\www\newsletter\Cake\2.7.7\lib\Cake\Model\Model.php(3031): Model->getDataSource()
#5 C:\wamp64\www\newsletter\Cake\2.7.7\lib\Cake\Model\Model.php(3003): Model->_readDataSource('first', Array)
#6 C:\wamp64\www\newsletter\Controller\AppController.php(153): Model->find('first', Array)
#7 C:\wamp64\www\newsletter\Controller\AppController.php(134): AppController->obtenerAvatar()
#8 [internal function]: AppController->beforeRender(Object(CakeEvent))
#9 C:\wamp64\www\newsletter\Cake\2.7.7\lib\Cake\Event\CakeEventManager.php(243): call_user_func(Array, Object(CakeEvent))
#10 C:\wamp64\www\newsletter\Cake\2.7.7\lib\Cake\Controller\Controller.php(933): CakeEventManager->dispatch(Object(CakeEvent))
#11 C:\wamp64\www\newsletter\Cake\2.7.7\lib\Cake\Routing\Dispatcher.php(200): Controller->render()
#12 C:\wamp64\www\newsletter\Cake\2.7.7\lib\Cake\Routing\Dispatcher.php(167): Dispatcher->_invoke(Object(AdministradoresController), Object(CakeRequest))
#13 C:\wamp64\www\newsletter\webroot\index.php(86): Dispatcher->dispatch(Object(CakeRequest), Object(CakeResponse))
#14 {main}
2016-12-12 10:14:33 Error: [MissingControllerException] Controller class ImgController could not be found.
Exception Attributes: array (
  'class' => 'ImgController',
  'plugin' => NULL,
)
Request URL: /newsletter/img/cake.power.gif
Stack Trace:
#0 C:\wamp64\www\newsletter\webroot\index.php(86): Dispatcher->dispatch(Object(CakeRequest), Object(CakeResponse))
#1 {main}
2016-12-12 10:14:33 Warning: Warning (2): include_once(C:\wamp64\www\newsletter\Config\database.php): failed to open stream: No such file or directory in [C:\wamp64\www\newsletter\Cake\2.7.7\lib\Cake\Model\ConnectionManager.php, line 67]
Trace:
ConnectionManager::_init() - APP\Cake\2.7.7\lib\Cake\Model\ConnectionManager.php, line 67
ConnectionManager::_init() - APP\Cake\2.7.7\lib\Cake\Model\ConnectionManager.php, line 67
ConnectionManager::getDataSource() - APP\Cake\2.7.7\lib\Cake\Model\ConnectionManager.php, line 83
Model::setDataSource() - APP\Cake\2.7.7\lib\Cake\Model\Model.php, line 3626
Model::setSource() - APP\Cake\2.7.7\lib\Cake\Model\Model.php, line 1155
Model::getDataSource() - APP\Cake\2.7.7\lib\Cake\Model\Model.php, line 3653
Model::_readDataSource() - APP\Cake\2.7.7\lib\Cake\Model\Model.php, line 3031
Model::find() - APP\Cake\2.7.7\lib\Cake\Model\Model.php, line 3003
AppController::obtenerAvatar() - APP\Controller\AppController.php, line 153
AppController::beforeRender() - APP\Controller\AppController.php, line 134
call_user_func - [internal], line ??
CakeEventManager::dispatch() - APP\Cake\2.7.7\lib\Cake\Event\CakeEventManager.php, line 243
Controller::render() - APP\Cake\2.7.7\lib\Cake\Controller\Controller.php, line 933
ExceptionRenderer::_outputMessage() - APP\Cake\2.7.7\lib\Cake\Error\ExceptionRenderer.php, line 289
ExceptionRenderer::error400() - APP\Cake\2.7.7\lib\Cake\Error\ExceptionRenderer.php, line 233
ExceptionRenderer::render() - APP\Cake\2.7.7\lib\Cake\Error\ExceptionRenderer.php, line 187
ErrorHandler::handleException() - APP\Cake\2.7.7\lib\Cake\Error\ErrorHandler.php, line 127
[main] - [internal], line ??

2016-12-12 10:14:33 Warning: Warning (2): include_once() [<a href='http://php.net/function.include'>function.include</a>]: Failed opening 'C:\wamp64\www\newsletter\Config\database.php' for inclusion (include_path='.;C:\php\pear') in [C:\wamp64\www\newsletter\Cake\2.7.7\lib\Cake\Model\ConnectionManager.php, line 67]
Trace:
ConnectionManager::_init() - APP\Cake\2.7.7\lib\Cake\Model\ConnectionManager.php, line 67
ConnectionManager::_init() - APP\Cake\2.7.7\lib\Cake\Model\ConnectionManager.php, line 67
ConnectionManager::getDataSource() - APP\Cake\2.7.7\lib\Cake\Model\ConnectionManager.php, line 83
Model::setDataSource() - APP\Cake\2.7.7\lib\Cake\Model\Model.php, line 3626
Model::setSource() - APP\Cake\2.7.7\lib\Cake\Model\Model.php, line 1155
Model::getDataSource() - APP\Cake\2.7.7\lib\Cake\Model\Model.php, line 3653
Model::_readDataSource() - APP\Cake\2.7.7\lib\Cake\Model\Model.php, line 3031
Model::find() - APP\Cake\2.7.7\lib\Cake\Model\Model.php, line 3003
AppController::obtenerAvatar() - APP\Controller\AppController.php, line 153
AppController::beforeRender() - APP\Controller\AppController.php, line 134
call_user_func - [internal], line ??
CakeEventManager::dispatch() - APP\Cake\2.7.7\lib\Cake\Event\CakeEventManager.php, line 243
Controller::render() - APP\Cake\2.7.7\lib\Cake\Controller\Controller.php, line 933
ExceptionRenderer::_outputMessage() - APP\Cake\2.7.7\lib\Cake\Error\ExceptionRenderer.php, line 289
ExceptionRenderer::error400() - APP\Cake\2.7.7\lib\Cake\Error\ExceptionRenderer.php, line 233
ExceptionRenderer::render() - APP\Cake\2.7.7\lib\Cake\Error\ExceptionRenderer.php, line 187
ErrorHandler::handleException() - APP\Cake\2.7.7\lib\Cake\Error\ErrorHandler.php, line 127
[main] - [internal], line ??

2016-12-12 10:14:33 Error: [MissingControllerException] Controller class CssController could not be found.
Exception Attributes: array (
  'class' => 'CssController',
  'plugin' => NULL,
)
Request URL: /newsletter/css/cake.generic.css
Stack Trace:
#0 C:\wamp64\www\newsletter\webroot\index.php(86): Dispatcher->dispatch(Object(CakeRequest), Object(CakeResponse))
#1 {main}
2016-12-12 10:14:33 Warning: Warning (2): include_once(C:\wamp64\www\newsletter\Config\database.php): failed to open stream: No such file or directory in [C:\wamp64\www\newsletter\Cake\2.7.7\lib\Cake\Model\ConnectionManager.php, line 67]
Trace:
ConnectionManager::_init() - APP\Cake\2.7.7\lib\Cake\Model\ConnectionManager.php, line 67
ConnectionManager::_init() - APP\Cake\2.7.7\lib\Cake\Model\ConnectionManager.php, line 67
ConnectionManager::getDataSource() - APP\Cake\2.7.7\lib\Cake\Model\ConnectionManager.php, line 83
Model::setDataSource() - APP\Cake\2.7.7\lib\Cake\Model\Model.php, line 3626
Model::setSource() - APP\Cake\2.7.7\lib\Cake\Model\Model.php, line 1155
Model::getDataSource() - APP\Cake\2.7.7\lib\Cake\Model\Model.php, line 3653
Model::_readDataSource() - APP\Cake\2.7.7\lib\Cake\Model\Model.php, line 3031
Model::find() - APP\Cake\2.7.7\lib\Cake\Model\Model.php, line 3003
AppController::obtenerAvatar() - APP\Controller\AppController.php, line 153
AppController::beforeRender() - APP\Controller\AppController.php, line 134
call_user_func - [internal], line ??
CakeEventManager::dispatch() - APP\Cake\2.7.7\lib\Cake\Event\CakeEventManager.php, line 243
Controller::render() - APP\Cake\2.7.7\lib\Cake\Controller\Controller.php, line 933
ExceptionRenderer::_outputMessage() - APP\Cake\2.7.7\lib\Cake\Error\ExceptionRenderer.php, line 289
ExceptionRenderer::error400() - APP\Cake\2.7.7\lib\Cake\Error\ExceptionRenderer.php, line 233
ExceptionRenderer::render() - APP\Cake\2.7.7\lib\Cake\Error\ExceptionRenderer.php, line 187
ErrorHandler::handleException() - APP\Cake\2.7.7\lib\Cake\Error\ErrorHandler.php, line 127
[main] - [internal], line ??

2016-12-12 10:14:33 Warning: Warning (2): include_once() [<a href='http://php.net/function.include'>function.include</a>]: Failed opening 'C:\wamp64\www\newsletter\Config\database.php' for inclusion (include_path='.;C:\php\pear') in [C:\wamp64\www\newsletter\Cake\2.7.7\lib\Cake\Model\ConnectionManager.php, line 67]
Trace:
ConnectionManager::_init() - APP\Cake\2.7.7\lib\Cake\Model\ConnectionManager.php, line 67
ConnectionManager::_init() - APP\Cake\2.7.7\lib\Cake\Model\ConnectionManager.php, line 67
ConnectionManager::getDataSource() - APP\Cake\2.7.7\lib\Cake\Model\ConnectionManager.php, line 83
Model::setDataSource() - APP\Cake\2.7.7\lib\Cake\Model\Model.php, line 3626
Model::setSource() - APP\Cake\2.7.7\lib\Cake\Model\Model.php, line 1155
Model::getDataSource() - APP\Cake\2.7.7\lib\Cake\Model\Model.php, line 3653
Model::_readDataSource() - APP\Cake\2.7.7\lib\Cake\Model\Model.php, line 3031
Model::find() - APP\Cake\2.7.7\lib\Cake\Model\Model.php, line 3003
AppController::obtenerAvatar() - APP\Controller\AppController.php, line 153
AppController::beforeRender() - APP\Controller\AppController.php, line 134
call_user_func - [internal], line ??
CakeEventManager::dispatch() - APP\Cake\2.7.7\lib\Cake\Event\CakeEventManager.php, line 243
Controller::render() - APP\Cake\2.7.7\lib\Cake\Controller\Controller.php, line 933
ExceptionRenderer::_outputMessage() - APP\Cake\2.7.7\lib\Cake\Error\ExceptionRenderer.php, line 289
ExceptionRenderer::error400() - APP\Cake\2.7.7\lib\Cake\Error\ExceptionRenderer.php, line 233
ExceptionRenderer::render() - APP\Cake\2.7.7\lib\Cake\Error\ExceptionRenderer.php, line 187
ErrorHandler::handleException() - APP\Cake\2.7.7\lib\Cake\Error\ErrorHandler.php, line 127
[main] - [internal], line ??

2016-12-12 10:15:53 Error: [MissingConnectionException] Database connection "Mysql" is missing, or could not be created.
Exception Attributes: array (
  'class' => 'Mysql',
  'message' => 'SQLSTATE[HY000] [1045] Access denied for user \'\'@\'localhost\' (using password: NO)',
  'enabled' => true,
)
Request URL: /newsletter/login
Stack Trace:
#0 C:\wamp64\www\newsletter\Cake\2.7.7\lib\Cake\Model\Datasource\DboSource.php(260): Mysql->connect()
#1 C:\wamp64\www\newsletter\Cake\2.7.7\lib\Cake\Model\ConnectionManager.php(105): DboSource->__construct(Array)
#2 C:\wamp64\www\newsletter\Cake\2.7.7\lib\Cake\Model\Model.php(3626): ConnectionManager::getDataSource('default')
#3 C:\wamp64\www\newsletter\Cake\2.7.7\lib\Cake\Model\Model.php(1155): Model->setDataSource('default')
#4 C:\wamp64\www\newsletter\Cake\2.7.7\lib\Cake\Model\Model.php(3653): Model->setSource('administradores')
#5 C:\wamp64\www\newsletter\Cake\2.7.7\lib\Cake\Model\Model.php(3031): Model->getDataSource()
#6 C:\wamp64\www\newsletter\Cake\2.7.7\lib\Cake\Model\Model.php(3003): Model->_readDataSource('first', Array)
#7 C:\wamp64\www\newsletter\Controller\AppController.php(153): Model->find('first', Array)
#8 C:\wamp64\www\newsletter\Controller\AppController.php(134): AppController->obtenerAvatar()
#9 [internal function]: AppController->beforeRender(Object(CakeEvent))
#10 C:\wamp64\www\newsletter\Cake\2.7.7\lib\Cake\Event\CakeEventManager.php(243): call_user_func(Array, Object(CakeEvent))
#11 C:\wamp64\www\newsletter\Cake\2.7.7\lib\Cake\Controller\Controller.php(933): CakeEventManager->dispatch(Object(CakeEvent))
#12 C:\wamp64\www\newsletter\Cake\2.7.7\lib\Cake\Routing\Dispatcher.php(200): Controller->render()
#13 C:\wamp64\www\newsletter\Cake\2.7.7\lib\Cake\Routing\Dispatcher.php(167): Dispatcher->_invoke(Object(AdministradoresController), Object(CakeRequest))
#14 C:\wamp64\www\newsletter\webroot\index.php(86): Dispatcher->dispatch(Object(CakeRequest), Object(CakeResponse))
#15 {main}
2016-12-12 10:15:53 Error: [MissingControllerException] Controller class CssController could not be found.
Exception Attributes: array (
  'class' => 'CssController',
  'plugin' => NULL,
)
Request URL: /newsletter/css/cake.generic.css
Stack Trace:
#0 C:\wamp64\www\newsletter\webroot\index.php(86): Dispatcher->dispatch(Object(CakeRequest), Object(CakeResponse))
#1 {main}
2016-12-12 10:15:53 Error: [MissingControllerException] Controller class ImgController could not be found.
Exception Attributes: array (
  'class' => 'ImgController',
  'plugin' => NULL,
)
Request URL: /newsletter/img/cake.power.gif
Stack Trace:
#0 C:\wamp64\www\newsletter\webroot\index.php(86): Dispatcher->dispatch(Object(CakeRequest), Object(CakeResponse))
#1 {main}
2016-12-12 10:15:55 Error: [MissingConnectionException] Database connection "Mysql" is missing, or could not be created.
Exception Attributes: array (
  'class' => 'Mysql',
  'message' => 'SQLSTATE[HY000] [1045] Access denied for user \'\'@\'localhost\' (using password: NO)',
  'enabled' => true,
)
Request URL: /newsletter/login
Stack Trace:
#0 C:\wamp64\www\newsletter\Cake\2.7.7\lib\Cake\Model\Datasource\DboSource.php(260): Mysql->connect()
#1 C:\wamp64\www\newsletter\Cake\2.7.7\lib\Cake\Model\ConnectionManager.php(105): DboSource->__construct(Array)
#2 C:\wamp64\www\newsletter\Cake\2.7.7\lib\Cake\Model\Model.php(3626): ConnectionManager::getDataSource('default')
#3 C:\wamp64\www\newsletter\Cake\2.7.7\lib\Cake\Model\Model.php(1155): Model->setDataSource('default')
#4 C:\wamp64\www\newsletter\Cake\2.7.7\lib\Cake\Model\Model.php(3653): Model->setSource('administradores')
#5 C:\wamp64\www\newsletter\Cake\2.7.7\lib\Cake\Model\Model.php(3031): Model->getDataSource()
#6 C:\wamp64\www\newsletter\Cake\2.7.7\lib\Cake\Model\Model.php(3003): Model->_readDataSource('first', Array)
#7 C:\wamp64\www\newsletter\Controller\AppController.php(153): Model->find('first', Array)
#8 C:\wamp64\www\newsletter\Controller\AppController.php(134): AppController->obtenerAvatar()
#9 [internal function]: AppController->beforeRender(Object(CakeEvent))
#10 C:\wamp64\www\newsletter\Cake\2.7.7\lib\Cake\Event\CakeEventManager.php(243): call_user_func(Array, Object(CakeEvent))
#11 C:\wamp64\www\newsletter\Cake\2.7.7\lib\Cake\Controller\Controller.php(933): CakeEventManager->dispatch(Object(CakeEvent))
#12 C:\wamp64\www\newsletter\Cake\2.7.7\lib\Cake\Routing\Dispatcher.php(200): Controller->render()
#13 C:\wamp64\www\newsletter\Cake\2.7.7\lib\Cake\Routing\Dispatcher.php(167): Dispatcher->_invoke(Object(AdministradoresController), Object(CakeRequest))
#14 C:\wamp64\www\newsletter\webroot\index.php(86): Dispatcher->dispatch(Object(CakeRequest), Object(CakeResponse))
#15 {main}
2016-12-12 10:15:55 Error: [MissingControllerException] Controller class CssController could not be found.
Exception Attributes: array (
  'class' => 'CssController',
  'plugin' => NULL,
)
Request URL: /newsletter/css/cake.generic.css
Stack Trace:
#0 C:\wamp64\www\newsletter\webroot\index.php(86): Dispatcher->dispatch(Object(CakeRequest), Object(CakeResponse))
#1 {main}
2016-12-12 10:15:55 Error: [MissingControllerException] Controller class ImgController could not be found.
Exception Attributes: array (
  'class' => 'ImgController',
  'plugin' => NULL,
)
Request URL: /newsletter/img/cake.power.gif
Stack Trace:
#0 C:\wamp64\www\newsletter\webroot\index.php(86): Dispatcher->dispatch(Object(CakeRequest), Object(CakeResponse))
#1 {main}
2016-12-12 10:15:57 Error: [MissingConnectionException] Database connection "Mysql" is missing, or could not be created.
Exception Attributes: array (
  'class' => 'Mysql',
  'message' => 'SQLSTATE[HY000] [1045] Access denied for user \'\'@\'localhost\' (using password: NO)',
  'enabled' => true,
)
Request URL: /newsletter/login
Stack Trace:
#0 C:\wamp64\www\newsletter\Cake\2.7.7\lib\Cake\Model\Datasource\DboSource.php(260): Mysql->connect()
#1 C:\wamp64\www\newsletter\Cake\2.7.7\lib\Cake\Model\ConnectionManager.php(105): DboSource->__construct(Array)
#2 C:\wamp64\www\newsletter\Cake\2.7.7\lib\Cake\Model\Model.php(3626): ConnectionManager::getDataSource('default')
#3 C:\wamp64\www\newsletter\Cake\2.7.7\lib\Cake\Model\Model.php(1155): Model->setDataSource('default')
#4 C:\wamp64\www\newsletter\Cake\2.7.7\lib\Cake\Model\Model.php(3653): Model->setSource('administradores')
#5 C:\wamp64\www\newsletter\Cake\2.7.7\lib\Cake\Model\Model.php(3031): Model->getDataSource()
#6 C:\wamp64\www\newsletter\Cake\2.7.7\lib\Cake\Model\Model.php(3003): Model->_readDataSource('first', Array)
#7 C:\wamp64\www\newsletter\Controller\AppController.php(153): Model->find('first', Array)
#8 C:\wamp64\www\newsletter\Controller\AppController.php(134): AppController->obtenerAvatar()
#9 [internal function]: AppController->beforeRender(Object(CakeEvent))
#10 C:\wamp64\www\newsletter\Cake\2.7.7\lib\Cake\Event\CakeEventManager.php(243): call_user_func(Array, Object(CakeEvent))
#11 C:\wamp64\www\newsletter\Cake\2.7.7\lib\Cake\Controller\Controller.php(933): CakeEventManager->dispatch(Object(CakeEvent))
#12 C:\wamp64\www\newsletter\Cake\2.7.7\lib\Cake\Routing\Dispatcher.php(200): Controller->render()
#13 C:\wamp64\www\newsletter\Cake\2.7.7\lib\Cake\Routing\Dispatcher.php(167): Dispatcher->_invoke(Object(AdministradoresController), Object(CakeRequest))
#14 C:\wamp64\www\newsletter\webroot\index.php(86): Dispatcher->dispatch(Object(CakeRequest), Object(CakeResponse))
#15 {main}
2016-12-12 10:15:57 Error: [MissingControllerException] Controller class CssController could not be found.
Exception Attributes: array (
  'class' => 'CssController',
  'plugin' => NULL,
)
Request URL: /newsletter/css/cake.generic.css
Stack Trace:
#0 C:\wamp64\www\newsletter\webroot\index.php(86): Dispatcher->dispatch(Object(CakeRequest), Object(CakeResponse))
#1 {main}
2016-12-12 10:15:57 Error: [MissingControllerException] Controller class ImgController could not be found.
Exception Attributes: array (
  'class' => 'ImgController',
  'plugin' => NULL,
)
Request URL: /newsletter/img/cake.power.gif
Stack Trace:
#0 C:\wamp64\www\newsletter\webroot\index.php(86): Dispatcher->dispatch(Object(CakeRequest), Object(CakeResponse))
#1 {main}
2016-12-12 10:15:57 Error: [MissingConnectionException] Database connection "Mysql" is missing, or could not be created.
Exception Attributes: array (
  'class' => 'Mysql',
  'message' => 'SQLSTATE[HY000] [1045] Access denied for user \'\'@\'localhost\' (using password: NO)',
  'enabled' => true,
)
Request URL: /newsletter/login
Stack Trace:
#0 C:\wamp64\www\newsletter\Cake\2.7.7\lib\Cake\Model\Datasource\DboSource.php(260): Mysql->connect()
#1 C:\wamp64\www\newsletter\Cake\2.7.7\lib\Cake\Model\ConnectionManager.php(105): DboSource->__construct(Array)
#2 C:\wamp64\www\newsletter\Cake\2.7.7\lib\Cake\Model\Model.php(3626): ConnectionManager::getDataSource('default')
#3 C:\wamp64\www\newsletter\Cake\2.7.7\lib\Cake\Model\Model.php(1155): Model->setDataSource('default')
#4 C:\wamp64\www\newsletter\Cake\2.7.7\lib\Cake\Model\Model.php(3653): Model->setSource('administradores')
#5 C:\wamp64\www\newsletter\Cake\2.7.7\lib\Cake\Model\Model.php(3031): Model->getDataSource()
#6 C:\wamp64\www\newsletter\Cake\2.7.7\lib\Cake\Model\Model.php(3003): Model->_readDataSource('first', Array)
#7 C:\wamp64\www\newsletter\Controller\AppController.php(153): Model->find('first', Array)
#8 C:\wamp64\www\newsletter\Controller\AppController.php(134): AppController->obtenerAvatar()
#9 [internal function]: AppController->beforeRender(Object(CakeEvent))
#10 C:\wamp64\www\newsletter\Cake\2.7.7\lib\Cake\Event\CakeEventManager.php(243): call_user_func(Array, Object(CakeEvent))
#11 C:\wamp64\www\newsletter\Cake\2.7.7\lib\Cake\Controller\Controller.php(933): CakeEventManager->dispatch(Object(CakeEvent))
#12 C:\wamp64\www\newsletter\Cake\2.7.7\lib\Cake\Routing\Dispatcher.php(200): Controller->render()
#13 C:\wamp64\www\newsletter\Cake\2.7.7\lib\Cake\Routing\Dispatcher.php(167): Dispatcher->_invoke(Object(AdministradoresController), Object(CakeRequest))
#14 C:\wamp64\www\newsletter\webroot\index.php(86): Dispatcher->dispatch(Object(CakeRequest), Object(CakeResponse))
#15 {main}
2016-12-12 10:15:57 Error: [MissingControllerException] Controller class CssController could not be found.
Exception Attributes: array (
  'class' => 'CssController',
  'plugin' => NULL,
)
Request URL: /newsletter/css/cake.generic.css
Stack Trace:
#0 C:\wamp64\www\newsletter\webroot\index.php(86): Dispatcher->dispatch(Object(CakeRequest), Object(CakeResponse))
#1 {main}
2016-12-12 10:15:57 Error: [MissingControllerException] Controller class ImgController could not be found.
Exception Attributes: array (
  'class' => 'ImgController',
  'plugin' => NULL,
)
Request URL: /newsletter/img/cake.power.gif
Stack Trace:
#0 C:\wamp64\www\newsletter\webroot\index.php(86): Dispatcher->dispatch(Object(CakeRequest), Object(CakeResponse))
#1 {main}
2016-12-12 10:16:44 Error: [MissingConnectionException] Database connection "Mysql" is missing, or could not be created.
Exception Attributes: array (
  'class' => 'Mysql',
  'message' => 'SQLSTATE[HY000] [1045] Access denied for user \'\'@\'localhost\' (using password: NO)',
  'enabled' => true,
)
Request URL: /newsletter/login
Stack Trace:
#0 C:\wamp64\www\newsletter\Cake\2.7.7\lib\Cake\Model\Datasource\DboSource.php(260): Mysql->connect()
#1 C:\wamp64\www\newsletter\Cake\2.7.7\lib\Cake\Model\ConnectionManager.php(105): DboSource->__construct(Array)
#2 C:\wamp64\www\newsletter\Cake\2.7.7\lib\Cake\Model\Model.php(3626): ConnectionManager::getDataSource('default')
#3 C:\wamp64\www\newsletter\Cake\2.7.7\lib\Cake\Model\Model.php(1155): Model->setDataSource('default')
#4 C:\wamp64\www\newsletter\Cake\2.7.7\lib\Cake\Model\Model.php(3653): Model->setSource('administradores')
#5 C:\wamp64\www\newsletter\Cake\2.7.7\lib\Cake\Model\Model.php(3031): Model->getDataSource()
#6 C:\wamp64\www\newsletter\Cake\2.7.7\lib\Cake\Model\Model.php(3003): Model->_readDataSource('first', Array)
#7 C:\wamp64\www\newsletter\Controller\AppController.php(153): Model->find('first', Array)
#8 C:\wamp64\www\newsletter\Controller\AppController.php(134): AppController->obtenerAvatar()
#9 [internal function]: AppController->beforeRender(Object(CakeEvent))
#10 C:\wamp64\www\newsletter\Cake\2.7.7\lib\Cake\Event\CakeEventManager.php(243): call_user_func(Array, Object(CakeEvent))
#11 C:\wamp64\www\newsletter\Cake\2.7.7\lib\Cake\Controller\Controller.php(933): CakeEventManager->dispatch(Object(CakeEvent))
#12 C:\wamp64\www\newsletter\Cake\2.7.7\lib\Cake\Routing\Dispatcher.php(200): Controller->render()
#13 C:\wamp64\www\newsletter\Cake\2.7.7\lib\Cake\Routing\Dispatcher.php(167): Dispatcher->_invoke(Object(AdministradoresController), Object(CakeRequest))
#14 C:\wamp64\www\newsletter\webroot\index.php(86): Dispatcher->dispatch(Object(CakeRequest), Object(CakeResponse))
#15 {main}
2016-12-12 10:16:45 Error: [MissingControllerException] Controller class ImgController could not be found.
Exception Attributes: array (
  'class' => 'ImgController',
  'plugin' => NULL,
)
Request URL: /newsletter/img/cake.power.gif
Stack Trace:
#0 C:\wamp64\www\newsletter\webroot\index.php(86): Dispatcher->dispatch(Object(CakeRequest), Object(CakeResponse))
#1 {main}
2016-12-12 10:16:45 Error: [MissingControllerException] Controller class CssController could not be found.
Exception Attributes: array (
  'class' => 'CssController',
  'plugin' => NULL,
)
Request URL: /newsletter/css/cake.generic.css
Stack Trace:
#0 C:\wamp64\www\newsletter\webroot\index.php(86): Dispatcher->dispatch(Object(CakeRequest), Object(CakeResponse))
#1 {main}
2016-12-12 10:16:45 Error: [MissingControllerException] Controller class ImgController could not be found.
Exception Attributes: array (
  'class' => 'ImgController',
  'plugin' => NULL,
)
Request URL: /newsletter/img/cake.power.gif
Stack Trace:
#0 C:\wamp64\www\newsletter\webroot\index.php(86): Dispatcher->dispatch(Object(CakeRequest), Object(CakeResponse))
#1 {main}
2016-12-13 09:39:01 Error: [MissingControllerException] Controller class Favicon.icoController could not be found.
Exception Attributes: array (
  'class' => 'Favicon.icoController',
  'plugin' => NULL,
)
Request URL: /newsletter/favicon.ico
Stack Trace:
#0 C:\wamp64\www\newsletter\webroot\index.php(86): Dispatcher->dispatch(Object(CakeRequest), Object(CakeResponse))
#1 {main}
